<?xml version="1.0" encoding="UTF-8"?>
<!-- Generated by org.testng.reporters.JUnitReportReporter -->
<testsuite hostname="EPINHYDW0878" failures="0" tests="2" name="org.example.CalculatorPageTests" time="74.067" errors="0" timestamp="2022-07-29T13:14:31 IST" skipped="0">
  <testcase classname="org.example.CalculatorPageTests" name="CalculatorPageTest" time="74.022"/>
  <system-out/>
  <testcase classname="org.example.CalculatorPageTests" name="checkInformationInInstanceTypeString" time="0.045"/>
  <system-out/>
</testsuite> <!-- org.example.CalculatorPageTests -->
